ERROR in esummary: Invalid uid AM933173 at position= 0
ERROR in esummary: Invalid uid CP009454 at position= 0
ERROR in esummary: Invalid uid NC_013595 at position= 0
ERROR in esummary: Invalid uid NC_009976 at position= 0
ERROR in esummary: Invalid uid CP006708 at position= 0
ERROR in esummary: Invalid uid CP010848 at position= 0
ERROR in esummary: Invalid uid CP003151 at position= 0
ERROR in esummary: Invalid uid CP003723 at position= 0
ERROR in esummary: Invalid uid CP009054 at position= 0
ERROR in esummary: Invalid uid CP009709 at position= 0
ERROR in esummary: Invalid uid NC_012622 at position= 0
ERROR in esummary: Invalid uid CP003278 at position= 0
ERROR in esummary: Invalid uid CP006010 at position= 0
ERROR in esummary: Invalid uid CP008787 at position= 0
ERROR in esummary: Invalid uid NC_022438 at position= 0
ERROR in esummary: Invalid uid CP002888 at position= 0
ERROR in esummary: Invalid uid CP008855 at position= 0
ERROR in esummary: Invalid uid CP001083 at position= 0
ERROR in esummary: Invalid uid CP002976 at position= 0
ERROR in esummary: Invalid uid CP008912 at position= 0
ERROR in esummary: Invalid uid CP002630 at position= 0
ERROR in esummary: Invalid uid CP008723 at position= 0
ERROR in esummary: Invalid uid NC_014394 at position= 0
ERROR in esummary: Invalid uid NC_017249 at position= 0
ERROR in esummary: Invalid uid CP011052 at position= 0
ERROR in esummary: Invalid uid CP000720 at position= 0
ERROR in esummary: Invalid uid CP000283 at position= 0
ERROR in esummary: Invalid uid NC_017491 at position= 0
ERROR in esummary: Invalid uid AP012304 at position= 0
ERROR in esummary: Invalid uid NC_010321 at position= 0
ERROR in esummary: Invalid uid NC_014248 at position= 0
ERROR in esummary: Invalid uid CP010306 at position= 0
ERROR in esummary: Invalid uid NC_003030 at position= 0
ERROR in esummary: Invalid uid CP003197 at position= 0
ERROR in esummary: Invalid uid CP012196 at position= 0
ERROR in esummary: Invalid uid NZ_JYGW01000000 at position= 0
ERROR in esummary: Invalid uid CP003117 at position= 0
ERROR in esummary: Invalid uid CP011210 at position= 0
ERROR in esummary: Invalid uid CP006824 at position= 0
ERROR in esummary: Invalid uid CP002332 at position= 0
ERROR in esummary: Invalid uid HE971709 at position= 0
ERROR in esummary: Invalid uid CP001015 at position= 0
ERROR in esummary: Invalid uid CP007698 at position= 0
ERROR in esummary: Invalid uid CP000764 at position= 0
ERROR in esummary: Invalid uid CP002556 at position= 0
ERROR in esummary: Invalid uid CP000609 at position= 0
ERROR in esummary: Invalid uid HF937103 at position= 0
ERROR in esummary: Invalid uid CP007769 at position= 0
ERROR in esummary: Invalid uid CP009212 at position= 0
ERROR in esummary: Invalid uid CP007147 at position= 0
ERROR in esummary: Invalid uid CP002609 at position= 0
ERROR in esummary: Invalid uid CP010267 at position= 0
ERROR in esummary: Invalid uid CP007480 at position= 0
ERROR in esummary: Invalid uid CP001619 at position= 0
ERROR in esummary: Invalid uid CP002605 at position= 0
ERROR in esummary: Invalid uid CP000409 at position= 0
ERROR in esummary: Invalid uid NC_012587 at position= 0
ERROR in esummary: Invalid uid CP007444 at position= 0
ERROR in esummary: Invalid uid CP006246 at position= 0
ERROR in esummary: Invalid uid CP006705 at position= 0
ERROR in esummary: Invalid uid NC_014032 at position= 0
ERROR in esummary: Invalid uid CP001279 at position= 0
ERROR in esummary: Invalid uid CP007731 at position= 0
ERROR in esummary: Invalid uid NC_013853 at position= 0
ERROR in esummary: Invalid uid CP003699 at position= 0
ERROR in esummary: Invalid uid AM180088 at position= 0
ERROR in esummary: Invalid uid NC_014169 at position= 0
ERROR in esummary: Invalid uid CP002444 at position= 0
ERROR in esummary: Invalid uid NC_009445 at position= 0
ERROR in esummary: Invalid uid AP011528 at position= 0
ERROR in esummary: Invalid uid CP002049 at position= 0
